<?xml version="1.0" encoding="UTF-8"?>
<!-- Generated by org.testng.reporters.JUnitReportReporter -->
<testsuite hostname="LAPTOP-3A2SBHVC" failures="0" tests="2" name="script.StandaloneTest" time="13.699" errors="0" timestamp="2023-08-17T11:44:52 IST" skipped="0">
  <testcase classname="script.StandaloneTest" name="submitOrder" time="8.927"/>
  <system-out/>
  <testcase classname="script.StandaloneTest" name="getOrderprod" time="4.772"/>
  <system-out/>
</testsuite> <!-- script.StandaloneTest -->
